[1] [0] (0, 0) (0, 0) 0 0
[2] [1] (0, 0) (0, -1) 0 0
[2] [1] (0, -1) (0, -2) 1 0
[2] [0] (0, -2) (0, -2) 1 0
[4] [1] (0, -2) (1, -2) 2 0
[2] [0] (1, -2) (1, -2) 2 0
[4] [1] (1, -2) (2, -2) 3 0
[2] [0] (2, -2) (2, -2) 3 0
[1] [0] (2, -2) (2, -2) 3 0
[4] [1] (2, -2) (3, -2) 4 0
[4] [1] (3, -2) (4, -2) 5 0
[2] [0] (4, -2) (4, -2) 5 0
[4] [1] (4, -2) (5, -2) 6 0
[1] [0] (5, -2) (5, -2) 6 0
[2] [0] (5, -2) (5, -2) 6 0
[4] [1] (5, -2) (6, -2) 7 0
[4] [1] (6, -2) (7, -2) 8 0
[4] [1] (7, -2) (8, -2) 9 0
[1] [0] (8, -2) (8, -2) 9 0
[4] [0] (8, -2) (8, -2) 9 0
[2] [1] (8, -2) (8, -3) 10 0
[4] [0] (8, -3) (8, -3) 10 0
[3] [0] (8, -3) (8, -3) 10 0
[2] [1] (8, -3) (8, -4) 11 0
[3] [0] (8, -4) (8, -4) 11 0
[2] [1] (8, -4) (8, -5) 12 0
[3] [0] (8, -5) (8, -5) 12 0
[4] [0] (8, -5) (8, -5) 12 0
[2] [1] (8, -5) (8, -6) 13 0
[2] [0] (8, -6) (8, -6) 13 0
[4] [0] (8, -6) (8, -6) 13 0
[3] [1] (8, -6) (7, -6) 14 0
[3] [1] (7, -6) (6, -6) 15 0
[1] [1] (6, -6) (6, -5) 16 0
[1] [1] (6, -5) (6, -4) 17 0
[3] [1] (6, -4) (5, -4) 18 0
[3] [1] (5, -4) (4, -4) 19 0
[3] [0] (4, -4) (4, -4) 19 0
[2] [1] (4, -4) (4, -5) 20 0
[2] [1] (4, -5) (4, -6) 21 0
[3] [1] (4, -6) (3, -6) 22 0
[2] [0] (3, -6) (3, -6) 22 0
[1] [0] (3, -6) (3, -6) 22 0
[3] [1] (3, -6) (2, -6) 23 0
[3] [1] (2, -6) (1, -6) 24 0
[1] [0] (1, -6) (1, -6) 24 0
[2] [0] (1, -6) (1, -6) 24 0
[3] [1] (1, -6) (0, -6) 25 0
[2] [0] (0, -6) (0, -6) 25 0
[1] [1] (0, -6) (0, -5) 26 0
[3] [0] (0, -5) (0, -5) 26 0
[1] [1] (0, -5) (0, -4) 27 0
[3] [1] (0, -4) (-1, -4) 28 0
[3] [1] (-1, -4) (-2, -4) 29 0
[2] [1] (-2, -4) (-2, -5) 30 0
[2] [1] (-2, -5) (-2, -6) 31 0
[2] [0] (-2, -6) (-2, -6) 31 0
[4] [0] (-2, -6) (-2, -6) 31 0
[3] [1] (-2, -6) (-3, -6) 32 0
[3] [1] (-3, -6) (-4, -6) 33 0
[3] [0] (-4, -6) (-4, -6) 33 0
[2] [1] (-4, -6) (-4, -7) 34 0
[4] [0] (-4, -7) (-4, -7) 34 0
[3] [0] (-4, -7) (-4, -7) 34 0
[2] [1] (-4, -7) (-4, -8) 35 0
[3] [0] (-4, -8) (-4, -8) 35 0
[2] [0] (-4, -8) (-4, -8) 35 0
[4] [1] (-4, -8) (-3, -8) 36 0
[2] [0] (-3, -8) (-3, -8) 36 0
[4] [1] (-3, -8) (-2, -8) 37 0
[2] [0] (-2, -8) (-2, -8) 37 0
[4] [1] (-2, -8) (-1, -8) 38 0
[1] [0] (-1, -8) (-1, -8) 38 0
[4] [1] (-1, -8) (0, -8) 39 0
[4] [1] (0, -8) (1, -8) 40 0
[4] [1] (1, -8) (2, -8) 41 0
[2] [0] (2, -8) (2, -8) 41 0
[4] [1] (2, -8) (3, -8) 42 0
[2] [0] (3, -8) (3, -8) 42 0
[4] [1] (3, -8) (4, -8) 43 0
[2] [1] (4, -8) (4, -9) 44 0
[4] [0] (4, -9) (4, -9) 44 0
[2] [1] (4, -9) (4, -10) 45 0
[2] [1] (4, -10) (4, -11) 46 0
[2] [1] (4, -11) (4, -12) 47 0
[4] [0] (4, -12) (4, -12) 47 0
[3] [0] (4, -12) (4, -12) 47 0
[2] [1] (4, -12) (4, -13) 48 0
[2] [1] (4, -13) (4, -14) 49 0
[3] [0] (4, -14) (4, -14) 49 0
[2] [1] (4, -14) (4, -15) 50 0
[4] [0] (4, -15) (4, -15) 50 0
[3] [0] (4, -15) (4, -15) 50 0
[2] [1] (4, -15) (4, -16) 51 0
[3] [1] (4, -16) (3, -16) 52 0
[3] [1] (3, -16) (2, -16) 53 0
[2] [1] (2, -16) (2, -17) 54 0
[4] [0] (2, -17) (2, -17) 54 0
[2] [1] (2, -17) (2, -18) 55 0
[2] [0] (2, -18) (2, -18) 55 0
[3] [1] (2, -18) (1, -18) 56 0
[2] [0] (1, -18) (1, -18) 56 0
[3] [1] (1, -18) (0, -18) 57 0
[2] [0] (0, -18) (0, -18) 57 0
[1] [1] (0, -18) (0, -17) 58 0
[1] [1] (0, -17) (0, -16) 59 0
[1] [1] (0, -16) (0, -15) 60 0
[3] [0] (0, -15) (0, -15) 60 0
[4] [0] (0, -15) (0, -15) 60 0
[1] [1] (0, -15) (0, -14) 61 0
[4] [1] (0, -14) (1, -14) 62 0
[1] [0] (1, -14) (1, -14) 62 0
[4] [1] (1, -14) (2, -14) 63 0
[1] [1] (2, -14) (2, -13) 64 0
[4] [0] (2, -13) (2, -13) 64 0
[1] [1] (2, -13) (2, -12) 65 0
[1] [0] (2, -12) (2, -12) 65 0
[3] [1] (2, -12) (1, -12) 66 0
[1] [0] (1, -12) (1, -12) 66 0
[3] [1] (1, -12) (0, -12) 67 0
[3] [1] (0, -12) (-1, -12) 68 0
[2] [0] (-1, -12) (-1, -12) 68 0
[3] [1] (-1, -12) (-2, -12) 69 0
[2] [0] (-2, -12) (-2, -12) 69 0
[3] [1] (-2, -12) (-3, -12) 70 0
[3] [1] (-3, -12) (-4, -12) 71 0
[1] [1] (-4, -12) (-4, -11) 72 0
[1] [1] (-4, -11) (-4, -10) 73 0
[4] [1] (-4, -10) (-3, -10) 74 0
[2] [0] (-3, -10) (-3, -10) 74 0
[4] [1] (-3, -10) (-2, -10) 75 0
[2] [0] (-2, -10) (-2, -10) 75 0
[4] [1] (-2, -10) (-1, -10) 76 0
[4] [1] (-1, -10) (0, -10) 77 0
[2] [0] (0, -10) (0, -10) 77 0
[4] [1] (0, -10) (1, -10) 78 0
[4] [1] (1, -10) (2, -10) 79 0
[4] [0] (2, -10) (2, -10) 79 0
[3] [1] (2, -10) (1, -10) 79 1
[1] [0] (1, -10) (1, -10) 79 1
[3] [1] (1, -10) (0, -10) 79 2
[1] [0] (0, -10) (0, -10) 79 2
[3] [1] (0, -10) (-1, -10) 79 3
[1] [0] (-1, -10) (-1, -10) 79 3
[2] [0] (-1, -10) (-1, -10) 79 3
[3] [1] (-1, -10) (-2, -10) 79 4
[3] [1] (-2, -10) (-3, -10) 79 5
[3] [1] (-3, -10) (-4, -10) 79 6
[3] [1] (-4, -10) (-5, -10) 80 6
[1] [0] (-5, -10) (-5, -10) 80 6
[3] [1] (-5, -10) (-6, -10) 81 6
[1] [0] (-6, -10) (-6, -10) 81 6
[2] [1] (-6, -10) (-6, -11) 82 6
[3] [0] (-6, -11) (-6, -11) 82 6
[2] [1] (-6, -11) (-6, -12) 83 6
[2] [0] (-6, -12) (-6, -12) 83 6
[4] [0] (-6, -12) (-6, -12) 83 6
[3] [1] (-6, -12) (-7, -12) 84 6
[2] [0] (-7, -12) (-7, -12) 84 6
[3] [1] (-7, -12) (-8, -12) 85 6
[3] [1] (-8, -12) (-9, -12) 86 6
[2] [0] (-9, -12) (-9, -12) 86 6
[3] [1] (-9, -12) (-10, -12) 87 6
[2] [1] (-10, -12) (-10, -13) 88 6
[2] [1] (-10, -13) (-10, -14) 89 6
[2] [0] (-10, -14) (-10, -14) 89 6
[3] [0] (-10, -14) (-10, -14) 89 6
[4] [1] (-10, -14) (-9, -14) 90 6
[4] [1] (-9, -14) (-8, -14) 91 6
[2] [1] (-8, -14) (-8, -15) 92 6
[2] [1] (-8, -15) (-8, -16) 93 6
[4] [0] (-8, -16) (-8, -16) 93 6
[3] [1] (-8, -16) (-9, -16) 94 6
[2] [0] (-9, -16) (-9, -16) 94 6
[3] [1] (-9, -16) (-10, -16) 95 6
[2] [1] (-10, -16) (-10, -17) 96 6
[3] [0] (-10, -17) (-10, -17) 96 6
[2] [1] (-10, -17) (-10, -18) 97 6
[3] [1] (-10, -18) (-11, -18) 98 6
[3] [1] (-11, -18) (-12, -18) 99 6
[2] [0] (-12, -18) (-12, -18) 99 6
[1] [0] (-12, -18) (-12, -18) 99 6
[3] [1] (-12, -18) (-13, -18) 100 6
[1] [0] (-13, -18) (-13, -18) 100 6
[3] [1] (-13, -18) (-14, -18) 101 6
[1] [1] (-14, -18) (-14, -17) 102 6
[1] [1] (-14, -17) (-14, -16) 103 6
[4] [0] (-14, -16) (-14, -16) 103 6
[3] [0] (-14, -16) (-14, -16) 103 6
[1] [1] (-14, -16) (-14, -15) 104 6
[4] [0] (-14, -15) (-14, -15) 104 6
[3] [0] (-14, -15) (-14, -15) 104 6
[1] [1] (-14, -15) (-14, -14) 105 6
[3] [0] (-14, -14) (-14, -14) 105 6
[4] [1] (-14, -14) (-13, -14) 106 6
[4] [1] (-13, -14) (-12, -14) 107 6
[2] [1] (-12, -14) (-12, -15) 108 6
[4] [0] (-12, -15) (-12, -15) 108 6
[2] [1] (-12, -15) (-12, -16) 109 6
[4] [0] (-12, -16) (-12, -16) 109 6
[1] [1] (-12, -16) (-12, -15) 109 7
[1] [1] (-12, -15) (-12, -14) 109 8
[1] [1] (-12, -14) (-12, -13) 110 8
[1] [1] (-12, -13) (-12, -12) 111 8
[1] [1] (-12, -12) (-12, -11) 112 8
[4] [0] (-12, -11) (-12, -11) 112 8
[1] [1] (-12, -11) (-12, -10) 113 8
[4] [1] (-12, -10) (-11, -10) 114 8
[1] [0] (-11, -10) (-11, -10) 114 8
[4] [1] (-11, -10) (-10, -10) 115 8
[4] [0] (-10, -10) (-10, -10) 115 8
[1] [1] (-10, -10) (-10, -9) 116 8
[4] [0] (-10, -9) (-10, -9) 116 8
[1] [1] (-10, -9) (-10, -8) 117 8
[1] [0] (-10, -8) (-10, -8) 117 8
[4] [1] (-10, -8) (-9, -8) 118 8
[4] [1] (-9, -8) (-8, -8) 119 8
[1] [1] (-8, -8) (-8, -7) 120 8
[1] [1] (-8, -7) (-8, -6) 121 8
[4] [0] (-8, -6) (-8, -6) 121 8
[1] [1] (-8, -6) (-8, -5) 122 8
[3] [0] (-8, -5) (-8, -5) 122 8
[4] [0] (-8, -5) (-8, -5) 122 8
[1] [1] (-8, -5) (-8, -4) 123 8
[3] [0] (-8, -4) (-8, -4) 123 8
[1] [0] (-8, -4) (-8, -4) 123 8
[4] [1] (-8, -4) (-7, -4) 124 8
[1] [0] (-7, -4) (-7, -4) 124 8
[4] [1] (-7, -4) (-6, -4) 125 8
[1] [0] (-6, -4) (-6, -4) 125 8
[2] [1] (-6, -4) (-6, -5) 126 8
[4] [0] (-6, -5) (-6, -5) 126 8
[2] [1] (-6, -5) (-6, -6) 127 8
[2] [1] (-6, -6) (-6, -7) 128 8
[2] [1] (-6, -7) (-6, -8) 129 8
[3] [0] (-6, -8) (-6, -8) 129 8
[1] [1] (-6, -8) (-6, -7) 129 9
[3] [0] (-6, -7) (-6, -7) 129 9
[1] [1] (-6, -7) (-6, -6) 129 10
[1] [1] (-6, -6) (-6, -5) 129 11
[1] [1] (-6, -5) (-6, -4) 129 12
[4] [1] (-6, -4) (-5, -4) 130 12
[4] [1] (-5, -4) (-4, -4) 131 12
[1] [1] (-4, -4) (-4, -3) 132 12
[1] [1] (-4, -3) (-4, -2) 133 12
[4] [0] (-4, -2) (-4, -2) 133 12
[1] [0] (-4, -2) (-4, -2) 133 12
[3] [1] (-4, -2) (-5, -2) 134 12
[3] [1] (-5, -2) (-6, -2) 135 12
[1] [0] (-6, -2) (-6, -2) 135 12
[3] [1] (-6, -2) (-7, -2) 136 12
[3] [1] (-7, -2) (-8, -2) 137 12
[1] [0] (-8, -2) (-8, -2) 137 12
[3] [1] (-8, -2) (-9, -2) 138 12
[1] [0] (-9, -2) (-9, -2) 138 12
[2] [0] (-9, -2) (-9, -2) 138 12
[3] [1] (-9, -2) (-10, -2) 139 12
[3] [1] (-10, -2) (-11, -2) 140 12
[1] [0] (-11, -2) (-11, -2) 140 12
[3] [1] (-11, -2) (-12, -2) 141 12
[2] [0] (-12, -2) (-12, -2) 141 12
[1] [1] (-12, -2) (-12, -1) 142 12
[3] [0] (-12, -1) (-12, -1) 142 12
[1] [1] (-12, -1) (-12, 0) 143 12
[3] [0] (-12, 0) (-12, 0) 143 12
[1] [0] (-12, 0) (-12, 0) 143 12
[4] [1] (-12, 0) (-11, 0) 144 12
[1] [0] (-11, 0) (-11, 0) 144 12
[4] [1] (-11, 0) (-10, 0) 145 12
[1] [1] (-10, 0) (-10, 1) 146 12
[1] [1] (-10, 1) (-10, 2) 147 12
[1] [0] (-10, 2) (-10, 2) 147 12
[3] [1] (-10, 2) (-11, 2) 148 12
[3] [1] (-11, 2) (-12, 2) 149 12
[3] [0] (-12, 2) (-12, 2) 149 12
[1] [1] (-12, 2) (-12, 3) 150 12
[1] [1] (-12, 3) (-12, 4) 151 12
[1] [0] (-12, 4) (-12, 4) 151 12
[4] [0] (-12, 4) (-12, 4) 151 12
[3] [1] (-12, 4) (-13, 4) 152 12
[3] [1] (-13, 4) (-14, 4) 153 12
[1] [1] (-14, 4) (-14, 5) 154 12
[3] [0] (-14, 5) (-14, 5) 154 12
[1] [1] (-14, 5) (-14, 6) 155 12
[1] [0] (-14, 6) (-14, 6) 155 12
[3] [1] (-14, 6) (-15, 6) 156 12
[3] [1] (-15, 6) (-16, 6) 157 12
[3] [1] (-16, 6) (-17, 6) 158 12
[2] [0] (-17, 6) (-17, 6) 158 12
[1] [0] (-17, 6) (-17, 6) 158 12
[3] [1] (-17, 6) (-18, 6) 159 12
[3] [0] (-18, 6) (-18, 6) 159 12
[1] [1] (-18, 6) (-18, 7) 160 12
[3] [0] (-18, 7) (-18, 7) 160 12
[1] [1] (-18, 7) (-18, 8) 161 12
[1] [0] (-18, 8) (-18, 8) 161 12
[4] [1] (-18, 8) (-17, 8) 162 12
[4] [1] (-17, 8) (-16, 8) 163 12
[1] [1] (-16, 8) (-16, 9) 164 12
[4] [0] (-16, 9) (-16, 9) 164 12
[1] [1] (-16, 9) (-16, 10) 165 12
[4] [0] (-16, 10) (-16, 10) 165 12
[1] [1] (-16, 10) (-16, 11) 166 12
[3] [0] (-16, 11) (-16, 11) 166 12
[4] [0] (-16, 11) (-16, 11) 166 12
[1] [1] (-16, 11) (-16, 12) 167 12
[3] [0] (-16, 12) (-16, 12) 167 12
[1] [1] (-16, 12) (-16, 13) 168 12
[1] [1] (-16, 13) (-16, 14) 169 12
[3] [0] (-16, 14) (-16, 14) 169 12
[4] [0] (-16, 14) (-16, 14) 169 12
[1] [1] (-16, 14) (-16, 15) 170 12
[1] [1] (-16, 15) (-16, 16) 171 12
[1] [1] (-16, 16) (-16, 17) 172 12
[4] [0] (-16, 17) (-16, 17) 172 12
[1] [1] (-16, 17) (-16, 18) 173 12
[4] [1] (-16, 18) (-15, 18) 174 12
[1] [0] (-15, 18) (-15, 18) 174 12
[4] [1] (-15, 18) (-14, 18) 175 12
[4] [1] (-14, 18) (-13, 18) 176 12
[4] [1] (-13, 18) (-12, 18) 177 12
[1] [0] (-12, 18) (-12, 18) 177 12
[2] [0] (-12, 18) (-12, 18) 177 12
[4] [1] (-12, 18) (-11, 18) 178 12
[2] [0] (-11, 18) (-11, 18) 178 12
[4] [1] (-11, 18) (-10, 18) 179 12
[1] [1] (-10, 18) (-10, 19) 180 12
[4] [0] (-10, 19) (-10, 19) 180 12
[1] [1] (-10, 19) (-10, 20) 181 12
[4] [1] (-10, 20) (-9, 20) 182 12
[1] [0] (-9, 20) (-9, 20) 182 12
[4] [1] (-9, 20) (-8, 20) 183 12
[2] [0] (-8, 20) (-8, 20) 183 12
[1] [0] (-8, 20) (-8, 20) 183 12
[4] [1] (-8, 20) (-7, 20) 184 12
[1] [0] (-7, 20) (-7, 20) 184 12
[2] [0] (-7, 20) (-7, 20) 184 12
[4] [1] (-7, 20) (-6, 20) 185 12
[1] [0] (-6, 20) (-6, 20) 185 12
[2] [0] (-6, 20) (-6, 20) 185 12
[4] [1] (-6, 20) (-5, 20) 186 12
[4] [1] (-5, 20) (-4, 20) 187 12
[1] [0] (-4, 20) (-4, 20) 187 12
[4] [0] (-4, 20) (-4, 20) 187 12
[2] [1] (-4, 20) (-4, 19) 188 12
[2] [1] (-4, 19) (-4, 18) 189 12
[3] [0] (-4, 18) (-4, 18) 189 12
[4] [0] (-4, 18) (-4, 18) 189 12
[2] [1] (-4, 18) (-4, 17) 190 12
[4] [0] (-4, 17) (-4, 17) 190 12
[3] [0] (-4, 17) (-4, 17) 190 12
[2] [1] (-4, 17) (-4, 16) 191 12
[3] [1] (-4, 16) (-5, 16) 192 12
[2] [0] (-5, 16) (-5, 16) 192 12
[3] [1] (-5, 16) (-6, 16) 193 12
[2] [0] (-6, 16) (-6, 16) 193 12
[3] [1] (-6, 16) (-7, 16) 194 12
[3] [1] (-7, 16) (-8, 16) 195 12
[1] [1] (-8, 16) (-8, 17) 196 12
[4] [0] (-8, 17) (-8, 17) 196 12
[1] [1] (-8, 17) (-8, 18) 197 12
[4] [1] (-8, 18) (-7, 18) 198 12
[4] [1] (-7, 18) (-6, 18) 199 12
[2] [0] (-6, 18) (-6, 18) 199 12
[3] [1] (-6, 18) (-7, 18) 199 13
[3] [1] (-7, 18) (-8, 18) 199 14
[3] [0] (-8, 18) (-8, 18) 199 14
[2] [1] (-8, 18) (-8, 17) 199 15
[3] [0] (-8, 17) (-8, 17) 199 15
[2] [1] (-8, 17) (-8, 16) 199 16
[3] [0] (-8, 16) (-8, 16) 199 16
[2] [1] (-8, 16) (-8, 15) 200 16
[2] [1] (-8, 15) (-8, 14) 201 16
[4] [0] (-8, 14) (-8, 14) 201 16
[3] [1] (-8, 14) (-9, 14) 202 16
[2] [0] (-9, 14) (-9, 14) 202 16
[1] [0] (-9, 14) (-9, 14) 202 16
[3] [1] (-9, 14) (-10, 14) 203 16
[3] [1] (-10, 14) (-11, 14) 204 16
[3] [1] (-11, 14) (-12, 14) 205 16
[2] [1] (-12, 14) (-12, 13) 206 16
[2] [1] (-12, 13) (-12, 12) 207 16
[4] [0] (-12, 12) (-12, 12) 207 16
[3] [0] (-12, 12) (-12, 12) 207 16
[2] [1] (-12, 12) (-12, 11) 208 16
[2] [1] (-12, 11) (-12, 10) 209 16
[3] [1] (-12, 10) (-13, 10) 210 16
[2] [0] (-13, 10) (-13, 10) 210 16
[1] [0] (-13, 10) (-13, 10) 210 16
[3] [1] (-13, 10) (-14, 10) 211 16
[1] [1] (-14, 10) (-14, 11) 212 16
[1] [1] (-14, 11) (-14, 12) 213 16
[1] [1] (-14, 12) (-14, 13) 214 16
[3] [0] (-14, 13) (-14, 13) 214 16
[1] [1] (-14, 13) (-14, 14) 215 16
[1] [1] (-14, 14) (-14, 15) 216 16
[1] [1] (-14, 15) (-14, 16) 217 16
[4] [1] (-14, 16) (-13, 16) 218 16
[2] [0] (-13, 16) (-13, 16) 218 16
[1] [0] (-13, 16) (-13, 16) 218 16
[4] [1] (-13, 16) (-12, 16) 219 16
[2] [0] (-12, 16) (-12, 16) 219 16
[4] [1] (-12, 16) (-11, 16) 220 16
[2] [0] (-11, 16) (-11, 16) 220 16
[4] [1] (-11, 16) (-10, 16) 221 16
[1] [0] (-10, 16) (-10, 16) 221 16
[2] [0] (-10, 16) (-10, 16) 221 16
[3] [1] (-10, 16) (-11, 16) 221 17
[3] [1] (-11, 16) (-12, 16) 221 18
[3] [1] (-12, 16) (-13, 16) 221 19
[3] [1] (-13, 16) (-14, 16) 221 20
[3] [0] (-14, 16) (-14, 16) 221 20
[1] [0] (-14, 16) (-14, 16) 221 20
[2] [1] (-14, 16) (-14, 15) 221 21
[3] [0] (-14, 15) (-14, 15) 221 21
[2] [1] (-14, 15) (-14, 14) 221 22
[4] [0] (-14, 14) (-14, 14) 221 22
[2] [1] (-14, 14) (-14, 13) 221 23
[4] [0] (-14, 13) (-14, 13) 221 23
[2] [1] (-14, 13) (-14, 12) 221 24
[3] [0] (-14, 12) (-14, 12) 221 24
[2] [1] (-14, 12) (-14, 11) 221 25
[2] [1] (-14, 11) (-14, 10) 221 26
[2] [1] (-14, 10) (-14, 9) 222 26
[2] [1] (-14, 9) (-14, 8) 223 26
[4] [1] (-14, 8) (-13, 8) 224 26
[2] [0] (-13, 8) (-13, 8) 224 26
[4] [1] (-13, 8) (-12, 8) 225 26
[2] [0] (-12, 8) (-12, 8) 225 26
[1] [0] (-12, 8) (-12, 8) 225 26
[4] [1] (-12, 8) (-11, 8) 226 26
[1] [0] (-11, 8) (-11, 8) 226 26
[2] [0] (-11, 8) (-11, 8) 226 26
[4] [1] (-11, 8) (-10, 8) 227 26
[1] [1] (-10, 8) (-10, 9) 228 26
[1] [1] (-10, 9) (-10, 10) 229 26
[1] [0] (-10, 10) (-10, 10) 229 26
[3] [0] (-10, 10) (-10, 10) 229 26
[4] [1] (-10, 10) (-9, 10) 230 26
[1] [0] (-9, 10) (-9, 10) 230 26
[4] [1] (-9, 10) (-8, 10) 231 26
[2] [0] (-8, 10) (-8, 10) 231 26
[4] [0] (-8, 10) (-8, 10) 231 26
[1] [1] (-8, 10) (-8, 11) 232 26
[4] [0] (-8, 11) (-8, 11) 232 26
[1] [1] (-8, 11) (-8, 12) 233 26
[3] [1] (-8, 12) (-9, 12) 234 26
[3] [1] (-9, 12) (-10, 12) 235 26
[1] [0] (-10, 12) (-10, 12) 235 26
[4] [1] (-10, 12) (-9, 12) 235 27
[4] [1] (-9, 12) (-8, 12) 235 28
[1] [0] (-8, 12) (-8, 12) 235 28
[4] [1] (-8, 12) (-7, 12) 236 28
[1] [0] (-7, 12) (-7, 12) 236 28
[4] [1] (-7, 12) (-6, 12) 237 28
[1] [1] (-6, 12) (-6, 13) 238 28
[1] [1] (-6, 13) (-6, 14) 239 28
[4] [1] (-6, 14) (-5, 14) 240 28
[4] [1] (-5, 14) (-4, 14) 241 28
[2] [0] (-4, 14) (-4, 14) 241 28
[4] [1] (-4, 14) (-3, 14) 242 28
[1] [0] (-3, 14) (-3, 14) 242 28
[2] [0] (-3, 14) (-3, 14) 242 28
[4] [1] (-3, 14) (-2, 14) 243 28
[1] [0] (-2, 14) (-2, 14) 243 28
[2] [1] (-2, 14) (-2, 13) 244 28
[2] [1] (-2, 13) (-2, 12) 245 28
[2] [0] (-2, 12) (-2, 12) 245 28
[4] [0] (-2, 12) (-2, 12) 245 28
[3] [1] (-2, 12) (-3, 12) 246 28
[3] [1] (-3, 12) (-4, 12) 247 28
[3] [0] (-4, 12) (-4, 12) 247 28
[2] [1] (-4, 12) (-4, 11) 248 28
[2] [1] (-4, 11) (-4, 10) 249 28
[3] [0] (-4, 10) (-4, 10) 249 28
[4] [1] (-4, 10) (-3, 10) 250 28
[2] [0] (-3, 10) (-3, 10) 250 28
[4] [1] (-3, 10) (-2, 10) 251 28
[2] [0] (-2, 10) (-2, 10) 251 28
[4] [1] (-2, 10) (-1, 10) 252 28
[1] [0] (-1, 10) (-1, 10) 252 28
[2] [0] (-1, 10) (-1, 10) 252 28
[4] [1] (-1, 10) (0, 10) 253 28
[2] [0] (0, 10) (0, 10) 253 28
[4] [0] (0, 10) (0, 10) 253 28
[1] [1] (0, 10) (0, 11) 254 28
[4] [0] (0, 11) (0, 11) 254 28
[1] [1] (0, 11) (0, 12) 255 28
[1] [0] (0, 12) (0, 12) 255 28
[4] [1] (0, 12) (1, 12) 256 28
[1] [0] (1, 12) (1, 12) 256 28
[4] [1] (1, 12) (2, 12) 257 28
[4] [1] (2, 12) (3, 12) 258 28
[4] [1] (3, 12) (4, 12) 259 28
[1] [0] (4, 12) (4, 12) 259 28
[4] [0] (4, 12) (4, 12) 259 28
[2] [1] (4, 12) (4, 11) 260 28
[2] [1] (4, 11) (4, 10) 261 28
[3] [0] (4, 10) (4, 10) 261 28
[4] [0] (4, 10) (4, 10) 261 28
[2] [1] (4, 10) (4, 9) 262 28
[4] [0] (4, 9) (4, 9) 262 28
[3] [0] (4, 9) (4, 9) 262 28
[2] [1] (4, 9) (4, 8) 263 28
[3] [1] (4, 8) (3, 8) 264 28
[2] [0] (3, 8) (3, 8) 264 28
[3] [1] (3, 8) (2, 8) 265 28
[2] [1] (2, 8) (2, 7) 266 28
[2] [1] (2, 7) (2, 6) 267 28
[2] [0] (2, 6) (2, 6) 267 28
[3] [0] (2, 6) (2, 6) 267 28
[4] [1] (2, 6) (3, 6) 268 28
[4] [1] (3, 6) (4, 6) 269 28
[2] [1] (4, 6) (4, 5) 270 28
[2] [1] (4, 5) (4, 4) 271 28
[4] [0] (4, 4) (4, 4) 271 28
[3] [1] (4, 4) (3, 4) 272 28
[2] [0] (3, 4) (3, 4) 272 28
[3] [1] (3, 4) (2, 4) 273 28
[2] [0] (2, 4) (2, 4) 273 28
[3] [1] (2, 4) (1, 4) 274 28
[1] [0] (1, 4) (1, 4) 274 28
[2] [0] (1, 4) (1, 4) 274 28
[3] [1] (1, 4) (0, 4) 275 28
[3] [0] (0, 4) (0, 4) 275 28
[2] [0] (0, 4) (0, 4) 275 28
[1] [1] (0, 4) (0, 5) 276 28
[1] [1] (0, 5) (0, 6) 277 28
[1] [1] (0, 6) (0, 7) 278 28
[1] [1] (0, 7) (0, 8) 279 28
[4] [0] (0, 8) (0, 8) 279 28
[3] [1] (0, 8) (-1, 8) 280 28
[2] [0] (-1, 8) (-1, 8) 280 28
[3] [1] (-1, 8) (-2, 8) 281 28
[2] [0] (-2, 8) (-2, 8) 281 28
[3] [1] (-2, 8) (-3, 8) 282 28
[2] [0] (-3, 8) (-3, 8) 282 28
[3] [1] (-3, 8) (-4, 8) 283 28
[3] [1] (-4, 8) (-5, 8) 284 28
[2] [0] (-5, 8) (-5, 8) 284 28
[3] [1] (-5, 8) (-6, 8) 285 28
[2] [0] (-6, 8) (-6, 8) 285 28
[3] [1] (-6, 8) (-7, 8) 286 28
[3] [1] (-7, 8) (-8, 8) 287 28
[3] [0] (-8, 8) (-8, 8) 287 28
[2] [1] (-8, 8) (-8, 7) 288 28
[2] [1] (-8, 7) (-8, 6) 289 28
[3] [1] (-8, 6) (-9, 6) 290 28
[2] [0] (-9, 6) (-9, 6) 290 28
[1] [0] (-9, 6) (-9, 6) 290 28
[3] [1] (-9, 6) (-10, 6) 291 28
[3] [1] (-10, 6) (-11, 6) 292 28
[3] [1] (-11, 6) (-12, 6) 293 28
[3] [0] (-12, 6) (-12, 6) 293 28
[4] [1] (-12, 6) (-11, 6) 293 29
[2] [0] (-11, 6) (-11, 6) 293 29
[4] [1] (-11, 6) (-10, 6) 293 30
[1] [0] (-10, 6) (-10, 6) 293 30
[2] [1] (-10, 6) (-10, 5) 294 30
[2] [1] (-10, 5) (-10, 4) 295 30
[4] [1] (-10, 4) (-9, 4) 296 30
[2] [0] (-9, 4) (-9, 4) 296 30
[4] [1] (-9, 4) (-8, 4) 297 30
[2] [1] (-8, 4) (-8, 3) 298 30
[4] [0] (-8, 3) (-8, 3) 298 30
[2] [1] (-8, 3) (-8, 2) 299 30
[2] [0] (-8, 2) (-8, 2) 299 30
[4] [1] (-8, 2) (-7, 2) 300 30
[2] [0] (-7, 2) (-7, 2) 300 30
[4] [1] (-7, 2) (-6, 2) 301 30
[4] [1] (-6, 2) (-5, 2) 302 30
[4] [1] (-5, 2) (-4, 2) 303 30
[4] [1] (-4, 2) (-3, 2) 304 30
[2] [0] (-3, 2) (-3, 2) 304 30
[4] [1] (-3, 2) (-2, 2) 305 30
[1] [1] (-2, 2) (-2, 3) 306 30
[4] [0] (-2, 3) (-2, 3) 306 30
[1] [1] (-2, 3) (-2, 4) 307 30
[3] [1] (-2, 4) (-3, 4) 308 30
[3] [1] (-3, 4) (-4, 4) 309 30
[1] [1] (-4, 4) (-4, 5) 310 30
[4] [0] (-4, 5) (-4, 5) 310 30
[1] [1] (-4, 5) (-4, 6) 311 30
[4] [1] (-4, 6) (-3, 6) 312 30
[4] [1] (-3, 6) (-2, 6) 313 30
[2] [0] (-2, 6) (-2, 6) 313 30
[4] [0] (-2, 6) (-2, 6) 313 30
[3] [1] (-2, 6) (-3, 6) 313 31
[3] [1] (-3, 6) (-4, 6) 313 32
[1] [0] (-4, 6) (-4, 6) 313 32
[3] [1] (-4, 6) (-5, 6) 314 32
[3] [1] (-5, 6) (-6, 6) 315 32
[2] [1] (-6, 6) (-6, 5) 316 32
[3] [0] (-6, 5) (-6, 5) 316 32
[2] [1] (-6, 5) (-6, 4) 317 32
[2] [0] (-6, 4) (-6, 4) 317 32
[4] [0] (-6, 4) (-6, 4) 317 32
[3] [0] (-6, 4) (-6, 4) 317 32
[1] [1] (-6, 4) (-6, 5) 317 33
[4] [0] (-6, 5) (-6, 5) 317 33
[1] [1] (-6, 5) (-6, 6) 317 34
[3] [0] (-6, 6) (-6, 6) 317 34
[4] [1] (-6, 6) (-5, 6) 317 35
[4] [1] (-5, 6) (-4, 6) 317 36
[2] [1] (-4, 6) (-4, 5) 317 37
[2] [1] (-4, 5) (-4, 4) 317 38
[2] [0] (-4, 4) (-4, 4) 317 38
[4] [1] (-4, 4) (-3, 4) 317 39
[2] [0] (-3, 4) (-3, 4) 317 39
[4] [1] (-3, 4) (-2, 4) 317 40
[2] [1] (-2, 4) (-2, 3) 317 41
[2] [1] (-2, 3) (-2, 2) 317 42
[2] [1] (-2, 2) (-2, 1) 318 42
[4] [0] (-2, 1) (-2, 1) 318 42
[2] [1] (-2, 1) (-2, 0) 319 42
[4] [0] (-2, 0) (-2, 0) 319 42
[3] [1] (-2, 0) (-3, 0) 320 42
[2] [0] (-3, 0) (-3, 0) 320 42
[3] [1] (-3, 0) (-4, 0) 321 42
[3] [1] (-4, 0) (-5, 0) 322 42
[3] [1] (-5, 0) (-6, 0) 323 42
[3] [1] (-6, 0) (-7, 0) 324 42
[3] [1] (-7, 0) (-8, 0) 325 42
[3] [0] (-8, 0) (-8, 0) 325 42
[4] [1] (-8, 0) (-7, 0) 325 43
[2] [0] (-7, 0) (-7, 0) 325 43
[4] [1] (-7, 0) (-6, 0) 325 44
[1] [0] (-6, 0) (-6, 0) 325 44
[4] [1] (-6, 0) (-5, 0) 325 45
[1] [0] (-5, 0) (-5, 0) 325 45
[2] [0] (-5, 0) (-5, 0) 325 45
[4] [1] (-5, 0) (-4, 0) 325 46
[1] [0] (-4, 0) (-4, 0) 325 46
[4] [1] (-4, 0) (-3, 0) 325 47
[4] [1] (-3, 0) (-2, 0) 325 48
[2] [1] (-2, 0) (-2, -1) 326 48
[4] [0] (-2, -1) (-2, -1) 326 48
[2] [1] (-2, -1) (-2, -2) 327 48
[2] [0] (-2, -2) (-2, -2) 327 48
[4] [0] (-2, -2) (-2, -2) 327 48
[1] [1] (-2, -2) (-2, -1) 327 49
[1] [1] (-2, -1) (-2, 0) 327 50
[1] [1] (-2, 0) (-2, 1) 327 51
[1] [1] (-2, 1) (-2, 2) 327 52
[4] [1] (-2, 2) (-1, 2) 328 52
[4] [1] (-1, 2) (0, 2) 329 52
[4] [1] (0, 2) (1, 2) 330 52
[2] [0] (1, 2) (1, 2) 330 52
[4] [1] (1, 2) (2, 2) 331 52
[4] [1] (2, 2) (3, 2) 332 52
[4] [1] (3, 2) (4, 2) 333 52
[2] [1] (4, 2) (4, 1) 334 52
[4] [0] (4, 1) (4, 1) 334 52
[3] [0] (4, 1) (4, 1) 334 52
[2] [1] (4, 1) (4, 0) 335 52
[3] [1] (4, 0) (3, 0) 336 52
[3] [1] (3, 0) (2, 0) 337 52
[3] [0] (2, 0) (2, 0) 337 52
[1] [0] (2, 0) (2, 0) 337 52
[4] [1] (2, 0) (3, 0) 337 53
[2] [0] (3, 0) (3, 0) 337 53
[4] [1] (3, 0) (4, 0) 337 54
[2] [0] (4, 0) (4, 0) 337 54
[4] [1] (4, 0) (5, 0) 338 54
[4] [1] (5, 0) (6, 0) 339 54
[1] [1] (6, 0) (6, 1) 340 54
[1] [1] (6, 1) (6, 2) 341 54
[1] [0] (6, 2) (6, 2) 341 54
[3] [0] (6, 2) (6, 2) 341 54
[4] [1] (6, 2) (7, 2) 342 54
[1] [0] (7, 2) (7, 2) 342 54
[4] [1] (7, 2) (8, 2) 343 54
[2] [1] (8, 2) (8, 1) 344 54
[2] [1] (8, 1) (8, 0) 345 54
[4] [1] (8, 0) (9, 0) 346 54
[4] [1] (9, 0) (10, 0) 347 54
[4] [0] (10, 0) (10, 0) 347 54
[2] [0] (10, 0) (10, 0) 347 54
[1] [1] (10, 0) (10, 1) 348 54
[4] [0] (10, 1) (10, 1) 348 54
[3] [0] (10, 1) (10, 1) 348 54
[1] [1] (10, 1) (10, 2) 349 54
[3] [0] (10, 2) (10, 2) 349 54
[4] [0] (10, 2) (10, 2) 349 54
[1] [1] (10, 2) (10, 3) 350 54
[4] [0] (10, 3) (10, 3) 350 54
[3] [0] (10, 3) (10, 3) 350 54
[1] [1] (10, 3) (10, 4) 351 54
[1] [0] (10, 4) (10, 4) 351 54
[4] [0] (10, 4) (10, 4) 351 54
[3] [1] (10, 4) (9, 4) 352 54
[1] [0] (9, 4) (9, 4) 352 54
[3] [1] (9, 4) (8, 4) 353 54
[3] [0] (8, 4) (8, 4) 353 54
[2] [0] (8, 4) (8, 4) 353 54
[1] [1] (8, 4) (8, 5) 354 54
[1] [1] (8, 5) (8, 6) 355 54
[3] [1] (8, 6) (7, 6) 356 54
[2] [0] (7, 6) (7, 6) 356 54
[1] [0] (7, 6) (7, 6) 356 54
[3] [1] (7, 6) (6, 6) 357 54
[3] [0] (6, 6) (6, 6) 357 54
[1] [1] (6, 6) (6, 7) 358 54
[3] [0] (6, 7) (6, 7) 358 54
[1] [1] (6, 7) (6, 8) 359 54
[1] [1] (6, 8) (6, 9) 360 54
[1] [1] (6, 9) (6, 10) 361 54
[1] [0] (6, 10) (6, 10) 361 54
[4] [1] (6, 10) (7, 10) 362 54
[1] [0] (7, 10) (7, 10) 362 54
[4] [1] (7, 10) (8, 10) 363 54
[2] [0] (8, 10) (8, 10) 363 54
[4] [0] (8, 10) (8, 10) 363 54
[1] [1] (8, 10) (8, 11) 364 54
[4] [0] (8, 11) (8, 11) 364 54
[1] [1] (8, 11) (8, 12) 365 54
[3] [0] (8, 12) (8, 12) 365 54
[1] [1] (8, 12) (8, 13) 366 54
[1] [1] (8, 13) (8, 14) 367 54
[3] [0] (8, 14) (8, 14) 367 54
[4] [1] (8, 14) (9, 14) 368 54
[2] [0] (9, 14) (9, 14) 368 54
[4] [1] (9, 14) (10, 14) 369 54
[1] [0] (10, 14) (10, 14) 369 54
[2] [0] (10, 14) (10, 14) 369 54
[4] [1] (10, 14) (11, 14) 370 54
[1] [0] (11, 14) (11, 14) 370 54
[4] [1] (11, 14) (12, 14) 371 54
[2] [1] (12, 14) (12, 13) 372 54
[2] [1] (12, 13) (12, 12) 373 54
[4] [0] (12, 12) (12, 12) 373 54
[3] [0] (12, 12) (12, 12) 373 54
[2] [1] (12, 12) (12, 11) 374 54
[2] [1] (12, 11) (12, 10) 375 54
[3] [0] (12, 10) (12, 10) 375 54
[2] [1] (12, 10) (12, 9) 376 54
[4] [0] (12, 9) (12, 9) 376 54
[3] [0] (12, 9) (12, 9) 376 54
[2] [1] (12, 9) (12, 8) 377 54
[3] [0] (12, 8) (12, 8) 377 54
[2] [1] (12, 8) (12, 7) 378 54
[3] [0] (12, 7) (12, 7) 378 54
[4] [0] (12, 7) (12, 7) 378 54
[2] [1] (12, 7) (12, 6) 379 54
[2] [1] (12, 6) (12, 5) 380 54
[2] [1] (12, 5) (12, 4) 381 54
[4] [1] (12, 4) (13, 4) 382 54
[4] [1] (13, 4) (14, 4) 383 54
[2] [0] (14, 4) (14, 4) 383 54
[4] [1] (14, 4) (15, 4) 384 54
[2] [0] (15, 4) (15, 4) 384 54
[1] [0] (15, 4) (15, 4) 384 54
[4] [1] (15, 4) (16, 4) 385 54
[2] [0] (16, 4) (16, 4) 385 54
[1] [1] (16, 4) (16, 5) 386 54
[4] [0] (16, 5) (16, 5) 386 54
[1] [1] (16, 5) (16, 6) 387 54
[3] [0] (16, 6) (16, 6) 387 54
[4] [1] (16, 6) (17, 6) 388 54
[4] [1] (17, 6) (18, 6) 389 54
[1] [1] (18, 6) (18, 7) 390 54
[1] [1] (18, 7) (18, 8) 391 54
[4] [0] (18, 8) (18, 8) 391 54
[3] [0] (18, 8) (18, 8) 391 54
[1] [1] (18, 8) (18, 9) 392 54
[4] [0] (18, 9) (18, 9) 392 54
[3] [0] (18, 9) (18, 9) 392 54
[1] [1] (18, 9) (18, 10) 393 54
[3] [1] (18, 10) (17, 10) 394 54
[1] [0] (17, 10) (17, 10) 394 54
[3] [1] (17, 10) (16, 10) 395 54
[2] [1] (16, 10) (16, 9) 396 54
[2] [1] (16, 9) (16, 8) 397 54
[3] [1] (16, 8) (15, 8) 398 54
[2] [0] (15, 8) (15, 8) 398 54
[3] [1] (15, 8) (14, 8) 399 54
[1] [1] (14, 8) (14, 9) 400 54
[1] [1] (14, 9) (14, 10) 401 54
[1] [1] (14, 10) (14, 11) 402 54
[1] [1] (14, 11) (14, 12) 403 54
[4] [0] (14, 12) (14, 12) 403 54
[1] [1] (14, 12) (14, 13) 404 54
[4] [0] (14, 13) (14, 13) 404 54
[3] [0] (14, 13) (14, 13) 404 54
[1] [1] (14, 13) (14, 14) 405 54
[3] [0] (14, 14) (14, 14) 405 54
[4] [1] (14, 14) (15, 14) 406 54
[4] [1] (15, 14) (16, 14) 407 54
[4] [1] (16, 14) (17, 14) 408 54
[2] [0] (17, 14) (17, 14) 408 54
[4] [1] (17, 14) (18, 14) 409 54
[1] [1] (18, 14) (18, 15) 410 54
[1] [1] (18, 15) (18, 16) 411 54
[4] [0] (18, 16) (18, 16) 411 54
[3] [0] (18, 16) (18, 16) 411 54
[1] [1] (18, 16) (18, 17) 412 54
[4] [0] (18, 17) (18, 17) 412 54
[3] [0] (18, 17) (18, 17) 412 54
[1] [1] (18, 17) (18, 18) 413 54
[3] [0] (18, 18) (18, 18) 413 54
[4] [0] (18, 18) (18, 18) 413 54
[1] [1] (18, 18) (18, 19) 414 54
[3] [0] (18, 19) (18, 19) 414 54
[4] [0] (18, 19) (18, 19) 414 54
[1] [1] (18, 19) (18, 20) 415 54
[1] [0] (18, 20) (18, 20) 415 54
[4] [0] (18, 20) (18, 20) 415 54
[3] [1] (18, 20) (17, 20) 416 54
[1] [0] (17, 20) (17, 20) 416 54
[3] [1] (17, 20) (16, 20) 417 54
[3] [0] (16, 20) (16, 20) 417 54
[2] [1] (16, 20) (16, 19) 418 54
[3] [0] (16, 19) (16, 19) 418 54
[2] [1] (16, 19) (16, 18) 419 54
[2] [0] (16, 18) (16, 18) 419 54
[3] [1] (16, 18) (15, 18) 420 54
[3] [1] (15, 18) (14, 18) 421 54
[1] [0] (14, 18) (14, 18) 421 54
[2] [0] (14, 18) (14, 18) 421 54
[3] [1] (14, 18) (13, 18) 422 54
[2] [0] (13, 18) (13, 18) 422 54
[3] [1] (13, 18) (12, 18) 423 54
[3] [1] (12, 18) (11, 18) 424 54
[2] [0] (11, 18) (11, 18) 424 54
[1] [0] (11, 18) (11, 18) 424 54
[3] [1] (11, 18) (10, 18) 425 54
[3] [1] (10, 18) (9, 18) 426 54
[1] [0] (9, 18) (9, 18) 426 54
[2] [0] (9, 18) (9, 18) 426 54
[3] [1] (9, 18) (8, 18) 427 54
[2] [1] (8, 18) (8, 17) 428 54
[2] [1] (8, 17) (8, 16) 429 54
[4] [1] (8, 16) (9, 16) 430 54
[4] [1] (9, 16) (10, 16) 431 54
[4] [1] (10, 16) (11, 16) 432 54
[4] [1] (11, 16) (12, 16) 433 54
[2] [0] (12, 16) (12, 16) 433 54
[1] [0] (12, 16) (12, 16) 433 54
[4] [1] (12, 16) (13, 16) 434 54
[2] [0] (13, 16) (13, 16) 434 54
[4] [1] (13, 16) (14, 16) 435 54
[4] [1] (14, 16) (15, 16) 436 54
[4] [1] (15, 16) (16, 16) 437 54
[2] [0] (16, 16) (16, 16) 437 54
[3] [1] (16, 16) (15, 16) 437 55
[2] [0] (15, 16) (15, 16) 437 55
[1] [0] (15, 16) (15, 16) 437 55
[3] [1] (15, 16) (14, 16) 437 56
[2] [0] (14, 16) (14, 16) 437 56
[3] [1] (14, 16) (13, 16) 437 57
[3] [1] (13, 16) (12, 16) 437 58
[3] [1] (12, 16) (11, 16) 437 59
[3] [1] (11, 16) (10, 16) 437 60
[1] [0] (10, 16) (10, 16) 437 60
[3] [1] (10, 16) (9, 16) 437 61
[2] [0] (9, 16) (9, 16) 437 61
[3] [1] (9, 16) (8, 16) 437 62
[3] [1] (8, 16) (7, 16) 438 62
[2] [0] (7, 16) (7, 16) 438 62
[3] [1] (7, 16) (6, 16) 439 62
[1] [0] (6, 16) (6, 16) 439 62
[2] [1] (6, 16) (6, 15) 440 62
[3] [0] (6, 15) (6, 15) 440 62
[2] [1] (6, 15) (6, 14) 441 62
[3] [1] (6, 14) (5, 14) 442 62
[3] [1] (5, 14) (4, 14) 443 62
[1] [0] (4, 14) (4, 14) 443 62
[3] [1] (4, 14) (3, 14) 444 62
[1] [0] (3, 14) (3, 14) 444 62
[3] [1] (3, 14) (2, 14) 445 62
[1] [1] (2, 14) (2, 15) 446 62
[1] [1] (2, 15) (2, 16) 447 62
[4] [0] (2, 16) (2, 16) 447 62
[3] [0] (2, 16) (2, 16) 447 62
[1] [1] (2, 16) (2, 17) 448 62
[4] [0] (2, 17) (2, 17) 448 62
[3] [0] (2, 17) (2, 17) 448 62
[1] [1] (2, 17) (2, 18) 449 62
[3] [0] (2, 18) (2, 18) 449 62
[4] [0] (2, 18) (2, 18) 449 62
[1] [1] (2, 18) (2, 19) 450 62
[4] [0] (2, 19) (2, 19) 450 62
[3] [0] (2, 19) (2, 19) 450 62
[1] [1] (2, 19) (2, 20) 451 62
[1] [0] (2, 20) (2, 20) 451 62
[4] [1] (2, 20) (3, 20) 452 62
[4] [1] (3, 20) (4, 20) 453 62
[1] [0] (4, 20) (4, 20) 453 62
[4] [1] (4, 20) (5, 20) 454 62
[4] [1] (5, 20) (6, 20) 455 62
[2] [1] (6, 20) (6, 19) 456 62
[4] [0] (6, 19) (6, 19) 456 62
[2] [1] (6, 19) (6, 18) 457 62
[3] [1] (6, 18) (5, 18) 458 62
[2] [0] (5, 18) (5, 18) 458 62
[3] [1] (5, 18) (4, 18) 459 62
[2] [1] (4, 18) (4, 17) 460 62
[2] [1] (4, 17) (4, 16) 461 62
[4] [0] (4, 16) (4, 16) 461 62
[1] [1] (4, 16) (4, 17) 461 63
[1] [1] (4, 17) (4, 18) 461 64
[1] [0] (4, 18) (4, 18) 461 64
[4] [1] (4, 18) (5, 18) 461 65
[1] [0] (5, 18) (5, 18) 461 65
[4] [1] (5, 18) (6, 18) 461 66
[4] [0] (6, 18) (6, 18) 461 66
[1] [1] (6, 18) (6, 19) 461 67
[1] [1] (6, 19) (6, 20) 461 68
[4] [1] (6, 20) (7, 20) 462 68
[1] [0] (7, 20) (7, 20) 462 68
[4] [1] (7, 20) (8, 20) 463 68
[2] [0] (8, 20) (8, 20) 463 68
[1] [0] (8, 20) (8, 20) 463 68
[4] [1] (8, 20) (9, 20) 464 68
[1] [0] (9, 20) (9, 20) 464 68
[4] [1] (9, 20) (10, 20) 465 68
[1] [0] (10, 20) (10, 20) 465 68
[2] [0] (10, 20) (10, 20) 465 68
[4] [1] (10, 20) (11, 20) 466 68
[4] [1] (11, 20) (12, 20) 467 68
[1] [0] (12, 20) (12, 20) 467 68
[4] [1] (12, 20) (13, 20) 468 68
[4] [1] (13, 20) (14, 20) 469 68
[1] [0] (14, 20) (14, 20) 469 68
[3] [1] (14, 20) (13, 20) 469 69
[1] [0] (13, 20) (13, 20) 469 69
[2] [0] (13, 20) (13, 20) 469 69
[3] [1] (13, 20) (12, 20) 469 70
[2] [0] (12, 20) (12, 20) 469 70
[3] [1] (12, 20) (11, 20) 469 71
[1] [0] (11, 20) (11, 20) 469 71
[3] [1] (11, 20) (10, 20) 469 72
[3] [1] (10, 20) (9, 20) 469 73
[3] [1] (9, 20) (8, 20) 469 74
[3] [1] (8, 20) (7, 20) 469 75
[3] [1] (7, 20) (6, 20) 469 76
[1] [0] (6, 20) (6, 20) 469 76
[3] [1] (6, 20) (5, 20) 469 77
[1] [0] (5, 20) (5, 20) 469 77
[3] [1] (5, 20) (4, 20) 469 78
[3] [1] (4, 20) (3, 20) 469 79
[1] [0] (3, 20) (3, 20) 469 79
[3] [1] (3, 20) (2, 20) 469 80
[3] [1] (2, 20) (1, 20) 470 80
[1] [0] (1, 20) (1, 20) 470 80
[3] [1] (1, 20) (0, 20) 471 80
[3] [0] (0, 20) (0, 20) 471 80
[2] [1] (0, 20) (0, 19) 472 80
[3] [0] (0, 19) (0, 19) 472 80
[2] [1] (0, 19) (0, 18) 473 80
[2] [1] (0, 18) (0, 17) 474 80
[3] [0] (0, 17) (0, 17) 474 80
[2] [1] (0, 17) (0, 16) 475 80
[3] [1] (0, 16) (-1, 16) 476 80
[2] [0] (-1, 16) (-1, 16) 476 80
[3] [1] (-1, 16) (-2, 16) 477 80
[1] [1] (-2, 16) (-2, 17) 478 80
[1] [1] (-2, 17) (-2, 18) 479 80
[1] [1] (-2, 18) (-2, 19) 480 80
[1] [1] (-2, 19) (-2, 20) 481 80
[1] [0] (-2, 20) (-2, 20) 481 80
[2] [1] (-2, 20) (-2, 19) 481 81
[3] [0] (-2, 19) (-2, 19) 481 81
[2] [1] (-2, 19) (-2, 18) 481 82
[4] [0] (-2, 18) (-2, 18) 481 82
[2] [1] (-2, 18) (-2, 17) 481 83
[2] [1] (-2, 17) (-2, 16) 481 84
[3] [0] (-2, 16) (-2, 16) 481 84
[4] [1] (-2, 16) (-1, 16) 481 85
[4] [1] (-1, 16) (0, 16) 481 86
[2] [1] (0, 16) (0, 15) 482 86
[2] [1] (0, 15) (0, 14) 483 86
[4] [0] (0, 14) (0, 14) 483 86
[3] [0] (0, 14) (0, 14) 483 86
[1] [1] (0, 14) (0, 15) 483 87
[4] [0] (0, 15) (0, 15) 483 87
[1] [1] (0, 15) (0, 16) 483 88
[1] [1] (0, 16) (0, 17) 483 89
[1] [1] (0, 17) (0, 18) 483 90
[1] [1] (0, 18) (0, 19) 483 91
[1] [1] (0, 19) (0, 20) 483 92
[1] [0] (0, 20) (0, 20) 483 92
[4] [1] (0, 20) (1, 20) 483 93
[4] [1] (1, 20) (2, 20) 483 94
[2] [1] (2, 20) (2, 19) 483 95
[2] [1] (2, 19) (2, 18) 483 96
[2] [1] (2, 18) (2, 17) 483 97
[2] [1] (2, 17) (2, 16) 483 98
[2] [1] (2, 16) (2, 15) 483 99
[2] [1] (2, 15) (2, 14) 483 100
[2] [0] (2, 14) (2, 14) 483 100
[4] [1] (2, 14) (3, 14) 483 101
[2] [0] (3, 14) (3, 14) 483 101
[4] [1] (3, 14) (4, 14) 483 102
[4] [1] (4, 14) (5, 14) 483 103
[2] [0] (5, 14) (5, 14) 483 103
[4] [1] (5, 14) (6, 14) 483 104
[2] [1] (6, 14) (6, 13) 484 104
[2] [1] (6, 13) (6, 12) 485 104
[1] [1] (6, 12) (6, 13) 485 105
[4] [0] (6, 13) (6, 13) 485 105
[1] [1] (6, 13) (6, 14) 485 106
[1] [1] (6, 14) (6, 15) 485 107
[1] [1] (6, 15) (6, 16) 485 108
[4] [1] (6, 16) (7, 16) 485 109
[1] [0] (7, 16) (7, 16) 485 109
[4] [1] (7, 16) (8, 16) 485 110
[2] [0] (8, 16) (8, 16) 485 110
[1] [1] (8, 16) (8, 17) 485 111
[1] [1] (8, 17) (8, 18) 485 112
[4] [1] (8, 18) (9, 18) 485 113
[4] [1] (9, 18) (10, 18) 485 114
[4] [1] (10, 18) (11, 18) 485 115
[4] [1] (11, 18) (12, 18) 485 116
[4] [1] (12, 18) (13, 18) 485 117
[4] [1] (13, 18) (14, 18) 485 118
[4] [1] (14, 18) (15, 18) 485 119
[4] [1] (15, 18) (16, 18) 485 120
[1] [1] (16, 18) (16, 19) 485 121
[1] [1] (16, 19) (16, 20) 485 122
[1] [0] (16, 20) (16, 20) 485 122
[4] [1] (16, 20) (17, 20) 485 123
[4] [1] (17, 20) (18, 20) 485 124
[2] [1] (18, 20) (18, 19) 485 125
[2] [1] (18, 19) (18, 18) 485 126
[2] [1] (18, 18) (18, 17) 485 127
[2] [1] (18, 17) (18, 16) 485 128
[2] [1] (18, 16) (18, 15) 485 129
[4] [0] (18, 15) (18, 15) 485 129
[3] [0] (18, 15) (18, 15) 485 129
[2] [1] (18, 15) (18, 14) 485 130
[2] [1] (18, 14) (18, 13) 486 130
[2] [1] (18, 13) (18, 12) 487 130
[4] [0] (18, 12) (18, 12) 487 130
[2] [0] (18, 12) (18, 12) 487 130
[3] [1] (18, 12) (17, 12) 488 130
[3] [1] (17, 12) (16, 12) 489 130
[2] [0] (16, 12) (16, 12) 489 130
[1] [0] (16, 12) (16, 12) 489 130
[4] [1] (16, 12) (17, 12) 489 131
[4] [1] (17, 12) (18, 12) 489 132
[1] [1] (18, 12) (18, 13) 489 133
[4] [0] (18, 13) (18, 13) 489 133
[1] [1] (18, 13) (18, 14) 489 134
[4] [0] (18, 14) (18, 14) 489 134
[3] [1] (18, 14) (17, 14) 489 135
[3] [1] (17, 14) (16, 14) 489 136
[3] [1] (16, 14) (15, 14) 489 137
[3] [1] (15, 14) (14, 14) 489 138
[2] [1] (14, 14) (14, 13) 489 139
[2] [1] (14, 13) (14, 12) 489 140
[2] [1] (14, 12) (14, 11) 489 141
[4] [0] (14, 11) (14, 11) 489 141
[3] [0] (14, 11) (14, 11) 489 141
[2] [1] (14, 11) (14, 10) 489 142
[3] [0] (14, 10) (14, 10) 489 142
[4] [0] (14, 10) (14, 10) 489 142
[2] [1] (14, 10) (14, 9) 489 143
[4] [0] (14, 9) (14, 9) 489 143
[2] [1] (14, 9) (14, 8) 489 144
[2] [1] (14, 8) (14, 7) 490 144
[2] [1] (14, 7) (14, 6) 491 144
[3] [0] (14, 6) (14, 6) 491 144
[2] [0] (14, 6) (14, 6) 491 144
[1] [1] (14, 6) (14, 7) 491 145
[1] [1] (14, 7) (14, 8) 491 146
[3] [0] (14, 8) (14, 8) 491 146
[4] [1] (14, 8) (15, 8) 491 147
[4] [1] (15, 8) (16, 8) 491 148
[2] [0] (16, 8) (16, 8) 491 148
[1] [1] (16, 8) (16, 9) 491 149
[1] [1] (16, 9) (16, 10) 491 150
[4] [1] (16, 10) (17, 10) 491 151
[4] [1] (17, 10) (18, 10) 491 152
[4] [0] (18, 10) (18, 10) 491 152
[2] [1] (18, 10) (18, 9) 491 153
[2] [1] (18, 9) (18, 8) 491 154
[2] [1] (18, 8) (18, 7) 491 155
[4] [0] (18, 7) (18, 7) 491 155
[3] [0] (18, 7) (18, 7) 491 155
[2] [1] (18, 7) (18, 6) 491 156
[2] [1] (18, 6) (18, 5) 492 156
[2] [1] (18, 5) (18, 4) 493 156
[2] [1] (18, 4) (18, 3) 494 156
[3] [0] (18, 3) (18, 3) 494 156
[4] [0] (18, 3) (18, 3) 494 156
[2] [1] (18, 3) (18, 2) 495 156
[3] [0] (18, 2) (18, 2) 495 156
[4] [0] (18, 2) (18, 2) 495 156
[2] [1] (18, 2) (18, 1) 496 156
[2] [1] (18, 1) (18, 0) 497 156
[4] [0] (18, 0) (18, 0) 497 156
[3] [1] (18, 0) (17, 0) 498 156
[3] [1] (17, 0) (16, 0) 499 156
[1] [0] (16, 0) (16, 0) 499 156
[2] [1] (16, 0) (16, -1) 500 156
[2] [1] (16, -1) (16, -2) 501 156
[4] [0] (16, -2) (16, -2) 501 156
[3] [0] (16, -2) (16, -2) 501 156
[2] [1] (16, -2) (16, -3) 502 156
[4] [0] (16, -3) (16, -3) 502 156
[3] [0] (16, -3) (16, -3) 502 156
[2] [1] (16, -3) (16, -4) 503 156
[3] [0] (16, -4) (16, -4) 503 156
[2] [0] (16, -4) (16, -4) 503 156
[4] [1] (16, -4) (17, -4) 504 156
[2] [0] (17, -4) (17, -4) 504 156
[4] [1] (17, -4) (18, -4) 505 156
[1] [1] (18, -4) (18, -3) 506 156
[1] [1] (18, -3) (18, -2) 507 156
[1] [0] (18, -2) (18, -2) 507 156
[4] [0] (18, -2) (18, -2) 507 156
[2] [1] (18, -2) (18, -3) 507 157
[4] [0] (18, -3) (18, -3) 507 157
[2] [1] (18, -3) (18, -4) 507 158
[4] [0] (18, -4) (18, -4) 507 158
[2] [1] (18, -4) (18, -5) 508 158
[4] [0] (18, -5) (18, -5) 508 158
[2] [1] (18, -5) (18, -6) 509 158
[3] [1] (18, -6) (17, -6) 510 158
[3] [1] (17, -6) (16, -6) 511 158
[2] [0] (16, -6) (16, -6) 511 158
[3] [1] (16, -6) (15, -6) 512 158
[1] [0] (15, -6) (15, -6) 512 158
[3] [1] (15, -6) (14, -6) 513 158
[1] [0] (14, -6) (14, -6) 513 158
[2] [0] (14, -6) (14, -6) 513 158
[3] [1] (14, -6) (13, -6) 514 158
[2] [0] (13, -6) (13, -6) 514 158
[3] [1] (13, -6) (12, -6) 515 158
[3] [0] (12, -6) (12, -6) 515 158
[2] [0] (12, -6) (12, -6) 515 158
[1] [1] (12, -6) (12, -5) 516 158
[1] [1] (12, -5) (12, -4) 517 158
[1] [0] (12, -4) (12, -4) 517 158
[4] [1] (12, -4) (13, -4) 518 158
[4] [1] (13, -4) (14, -4) 519 158
[1] [1] (14, -4) (14, -3) 520 158
[3] [0] (14, -3) (14, -3) 520 158
[1] [1] (14, -3) (14, -2) 521 158
[3] [0] (14, -2) (14, -2) 521 158
[1] [1] (14, -2) (14, -1) 522 158
[3] [0] (14, -1) (14, -1) 522 158
[4] [0] (14, -1) (14, -1) 522 158
[1] [1] (14, -1) (14, 0) 523 158
[1] [0] (14, 0) (14, 0) 523 158
[4] [0] (14, 0) (14, 0) 523 158
[3] [1] (14, 0) (13, 0) 524 158
[1] [0] (13, 0) (13, 0) 524 158
[3] [1] (13, 0) (12, 0) 525 158
[1] [1] (12, 0) (12, 1) 526 158
[1] [1] (12, 1) (12, 2) 527 158
[4] [1] (12, 2) (13, 2) 528 158
[4] [1] (13, 2) (14, 2) 529 158
[4] [1] (14, 2) (15, 2) 530 158
[4] [1] (15, 2) (16, 2) 531 158
[3] [1] (16, 2) (15, 2) 531 159
[2] [0] (15, 2) (15, 2) 531 159
[3] [1] (15, 2) (14, 2) 531 160
[3] [1] (14, 2) (13, 2) 531 161
[1] [0] (13, 2) (13, 2) 531 161
[3] [1] (13, 2) (12, 2) 531 162
[1] [0] (12, 2) (12, 2) 531 162
[2] [1] (12, 2) (12, 1) 531 163
[2] [1] (12, 1) (12, 0) 531 164
[2] [1] (12, 0) (12, -1) 532 164
[2] [1] (12, -1) (12, -2) 533 164
[3] [1] (12, -2) (11, -2) 534 164
[3] [1] (11, -2) (10, -2) 535 164
[2] [1] (10, -2) (10, -3) 536 164
[2] [1] (10, -3) (10, -4) 537 164
[4] [0] (10, -4) (10, -4) 537 164
[2] [1] (10, -4) (10, -5) 538 164
[4] [0] (10, -5) (10, -5) 538 164
[2] [1] (10, -5) (10, -6) 539 164
[2] [1] (10, -6) (10, -7) 540 164
[2] [1] (10, -7) (10, -8) 541 164
[2] [1] (10, -8) (10, -9) 542 164
[4] [0] (10, -9) (10, -9) 542 164
[2] [1] (10, -9) (10, -10) 543 164
[2] [0] (10, -10) (10, -10) 543 164
[3] [0] (10, -10) (10, -10) 543 164
[4] [1] (10, -10) (11, -10) 544 164
[4] [1] (11, -10) (12, -10) 545 164
[2] [0] (12, -10) (12, -10) 545 164
[4] [0] (12, -10) (12, -10) 545 164
[1] [1] (12, -10) (12, -9) 546 164
[4] [0] (12, -9) (12, -9) 546 164
[1] [1] (12, -9) (12, -8) 547 164
[3] [0] (12, -8) (12, -8) 547 164
[4] [1] (12, -8) (13, -8) 548 164
[4] [1] (13, -8) (14, -8) 549 164
[4] [1] (14, -8) (15, -8) 550 164
[4] [1] (15, -8) (16, -8) 551 164
[4] [0] (16, -8) (16, -8) 551 164
[2] [1] (16, -8) (16, -9) 552 164
[2] [1] (16, -9) (16, -10) 553 164
[4] [0] (16, -10) (16, -10) 553 164
[3] [1] (16, -10) (15, -10) 554 164
[2] [0] (15, -10) (15, -10) 554 164
[1] [0] (15, -10) (15, -10) 554 164
[3] [1] (15, -10) (14, -10) 555 164
[1] [0] (14, -10) (14, -10) 555 164
[2] [1] (14, -10) (14, -11) 556 164
[2] [1] (14, -11) (14, -12) 557 164
[2] [1] (14, -12) (14, -13) 558 164
[4] [0] (14, -13) (14, -13) 558 164
[2] [1] (14, -13) (14, -14) 559 164
[2] [0] (14, -14) (14, -14) 559 164
[3] [0] (14, -14) (14, -14) 559 164
[4] [1] (14, -14) (15, -14) 560 164
[4] [1] (15, -14) (16, -14) 561 164
[2] [1] (16, -14) (16, -15) 562 164
[2] [1] (16, -15) (16, -16) 563 164
[4] [1] (16, -16) (17, -16) 564 164
[4] [1] (17, -16) (18, -16) 565 164
[2] [1] (18, -16) (18, -17) 566 164
[4] [0] (18, -17) (18, -17) 566 164
[2] [1] (18, -17) (18, -18) 567 164
[2] [0] (18, -18) (18, -18) 567 164
[3] [1] (18, -18) (17, -18) 568 164
[2] [0] (17, -18) (17, -18) 568 164
[3] [1] (17, -18) (16, -18) 569 164
[3] [1] (16, -18) (15, -18) 570 164
[2] [0] (15, -18) (15, -18) 570 164
[1] [0] (15, -18) (15, -18) 570 164
[3] [1] (15, -18) (14, -18) 571 164
[3] [0] (14, -18) (14, -18) 571 164
[1] [1] (14, -18) (14, -17) 572 164
[3] [0] (14, -17) (14, -17) 572 164
[1] [1] (14, -17) (14, -16) 573 164
[4] [0] (14, -16) (14, -16) 573 164
[3] [1] (14, -16) (13, -16) 574 164
[1] [0] (13, -16) (13, -16) 574 164
[3] [1] (13, -16) (12, -16) 575 164
[3] [1] (12, -16) (11, -16) 576 164
[3] [1] (11, -16) (10, -16) 577 164
[2] [0] (10, -16) (10, -16) 577 164
[3] [0] (10, -16) (10, -16) 577 164
[1] [1] (10, -16) (10, -15) 578 164
[4] [0] (10, -15) (10, -15) 578 164
[3] [0] (10, -15) (10, -15) 578 164
[1] [1] (10, -15) (10, -14) 579 164
[3] [0] (10, -14) (10, -14) 579 164
[4] [0] (10, -14) (10, -14) 579 164
[1] [1] (10, -14) (10, -13) 580 164
[3] [0] (10, -13) (10, -13) 580 164
[4] [0] (10, -13) (10, -13) 580 164
[1] [1] (10, -13) (10, -12) 581 164
[4] [1] (10, -12) (11, -12) 582 164
[4] [1] (11, -12) (12, -12) 583 164
[4] [0] (12, -12) (12, -12) 583 164
[2] [1] (12, -12) (12, -13) 584 164
[2] [1] (12, -13) (12, -14) 585 164
[2] [0] (12, -14) (12, -14) 585 164
[1] [1] (12, -14) (12, -13) 585 165
[4] [0] (12, -13) (12, -13) 585 165
[1] [1] (12, -13) (12, -12) 585 166
[3] [1] (12, -12) (11, -12) 585 167
[1] [0] (11, -12) (11, -12) 585 167
[3] [1] (11, -12) (10, -12) 585 168
[3] [1] (10, -12) (9, -12) 586 168
[1] [0] (9, -12) (9, -12) 586 168
[3] [1] (9, -12) (8, -12) 587 168
[3] [1] (8, -12) (7, -12) 588 168
[2] [0] (7, -12) (7, -12) 588 168
[3] [1] (7, -12) (6, -12) 589 168
[2] [1] (6, -12) (6, -13) 590 168
[2] [1] (6, -13) (6, -14) 591 168
[2] [1] (6, -14) (6, -15) 592 168
[2] [1] (6, -15) (6, -16) 593 168
[4] [1] (6, -16) (7, -16) 594 168
[4] [1] (7, -16) (8, -16) 595 168
[1] [1] (8, -16) (8, -15) 596 168
[1] [1] (8, -15) (8, -14) 597 168
[1] [0] (8, -14) (8, -14) 597 168
[3] [0] (8, -14) (8, -14) 597 168
[2] [1] (8, -14) (8, -15) 597 169
[3] [0] (8, -15) (8, -15) 597 169
[2] [1] (8, -15) (8, -16) 597 170
[2] [1] (8, -16) (8, -17) 598 170
[2] [1] (8, -17) (8, -18) 599 170
[3] [1] (8, -18) (7, -18) 600 170
[2] [0] (7, -18) (7, -18) 600 170
[1] [0] (7, -18) (7, -18) 600 170
[3] [1] (7, -18) (6, -18) 601 170
[3] [1] (6, -18) (5, -18) 602 170
[1] [0] (5, -18) (5, -18) 602 170
[2] [0] (5, -18) (5, -18) 602 170
[3] [1] (5, -18) (4, -18) 603 170
[2] [0] (4, -18) (4, -18) 603 170
[1] [0] (4, -18) (4, -18) 603 170
[3] [0] (4, -18) (4, -18) 603 170
[4] [1] (4, -18) (5, -18) 603 171
[4] [1] (5, -18) (6, -18) 603 172
[1] [0] (6, -18) (6, -18) 603 172
[2] [0] (6, -18) (6, -18) 603 172
[4] [1] (6, -18) (7, -18) 603 173
[4] [1] (7, -18) (8, -18) 603 174
[4] [1] (8, -18) (9, -18) 604 174
[2] [0] (9, -18) (9, -18) 604 174
[4] [1] (9, -18) (10, -18) 605 174
[2] [0] (10, -18) (10, -18) 605 174
[4] [1] (10, -18) (11, -18) 606 174
[1] [0] (11, -18) (11, -18) 606 174
[4] [1] (11, -18) (12, -18) 607 174
[2] [0] (12, -18) (12, -18) 607 174
[1] [0] (12, -18) (12, -18) 607 174
[3] [1] (12, -18) (11, -18) 607 175
[2] [0] (11, -18) (11, -18) 607 175
[3] [1] (11, -18) (10, -18) 607 176
[3] [1] (10, -18) (9, -18) 607 177
[1] [0] (9, -18) (9, -18) 607 177
[3] [1] (9, -18) (8, -18) 607 178
[2] [0] (8, -18) (8, -18) 607 178
[1] [1] (8, -18) (8, -17) 607 179
[1] [1] (8, -17) (8, -16) 607 180
[3] [1] (8, -16) (7, -16) 607 181
[3] [1] (7, -16) (6, -16) 607 182
[3] [0] (6, -16) (6, -16) 607 182
[1] [1] (6, -16) (6, -15) 607 183
[1] [1] (6, -15) (6, -14) 607 184
[3] [0] (6, -14) (6, -14) 607 184
[1] [1] (6, -14) (6, -13) 607 185
[3] [0] (6, -13) (6, -13) 607 185
[1] [1] (6, -13) (6, -12) 607 186
[1] [1] (6, -12) (6, -11) 608 186
[4] [0] (6, -11) (6, -11) 608 186
[3] [0] (6, -11) (6, -11) 608 186
[1] [1] (6, -11) (6, -10) 609 186
[3] [0] (6, -10) (6, -10) 609 186
[4] [1] (6, -10) (7, -10) 610 186
[4] [1] (7, -10) (8, -10) 611 186
[2] [0] (8, -10) (8, -10) 611 186
[1] [1] (8, -10) (8, -9) 612 186
[1] [1] (8, -9) (8, -8) 613 186
[4] [0] (8, -8) (8, -8) 613 186
[3] [1] (8, -8) (7, -8) 614 186
[3] [1] (7, -8) (6, -8) 615 186
[1] [0] (6, -8) (6, -8) 615 186
[2] [0] (6, -8) (6, -8) 615 186
[3] [0] (6, -8) (6, -8) 615 186
[4] [1] (6, -8) (7, -8) 615 187
[2] [0] (7, -8) (7, -8) 615 187
[1] [0] (7, -8) (7, -8) 615 187
[4] [1] (7, -8) (8, -8) 615 188
[2] [1] (8, -8) (8, -9) 615 189
[4] [0] (8, -9) (8, -9) 615 189
[2] [1] (8, -9) (8, -10) 615 190
[3] [1] (8, -10) (7, -10) 615 191
[3] [1] (7, -10) (6, -10) 615 192
[2] [1] (6, -10) (6, -11) 615 193
[2] [1] (6, -11) (6, -12) 615 194
[4] [1] (6, -12) (7, -12) 615 195
[4] [1] (7, -12) (8, -12) 615 196
[4] [1] (8, -12) (9, -12) 615 197
[4] [1] (9, -12) (10, -12) 615 198
[2] [1] (10, -12) (10, -13) 615 199
[2] [1] (10, -13) (10, -14) 615 200
[2] [1] (10, -14) (10, -15) 615 201
[2] [1] (10, -15) (10, -16) 615 202
[4] [1] (10, -16) (11, -16) 615 203
[4] [1] (11, -16) (12, -16) 615 204
[4] [1] (12, -16) (13, -16) 615 205
[4] [1] (13, -16) (14, -16) 615 206
[2] [1] (14, -16) (14, -17) 615 207
[2] [1] (14, -17) (14, -18) 615 208
[2] [0] (14, -18) (14, -18) 615 208
[4] [1] (14, -18) (15, -18) 615 209
[4] [1] (15, -18) (16, -18) 615 210
[2] [0] (16, -18) (16, -18) 615 210
[1] [0] (16, -18) (16, -18) 615 210
[4] [1] (16, -18) (17, -18) 615 211
[1] [0] (17, -18) (17, -18) 615 211
[4] [1] (17, -18) (18, -18) 615 212
[4] [0] (18, -18) (18, -18) 615 212
[1] [1] (18, -18) (18, -17) 615 213
[1] [1] (18, -17) (18, -16) 615 214
[4] [0] (18, -16) (18, -16) 615 214
[1] [1] (18, -16) (18, -15) 616 214
[4] [0] (18, -15) (18, -15) 616 214
[3] [0] (18, -15) (18, -15) 616 214
[1] [1] (18, -15) (18, -14) 617 214
[3] [0] (18, -14) (18, -14) 617 214
[4] [0] (18, -14) (18, -14) 617 214
[1] [1] (18, -14) (18, -13) 618 214
[4] [0] (18, -13) (18, -13) 618 214
[3] [0] (18, -13) (18, -13) 618 214
[1] [1] (18, -13) (18, -12) 619 214
[1] [1] (18, -12) (18, -11) 620 214
[3] [0] (18, -11) (18, -11) 620 214
[1] [1] (18, -11) (18, -10) 621 214
[1] [1] (18, -10) (18, -9) 622 214
[1] [1] (18, -9) (18, -8) 623 214
[4] [0] (18, -8) (18, -8) 623 214
[1] [0] (18, -8) (18, -8) 623 214
[2] [1] (18, -8) (18, -9) 623 215
[4] [0] (18, -9) (18, -9) 623 215
[3] [0] (18, -9) (18, -9) 623 215
[2] [1] (18, -9) (18, -10) 623 216
[4] [0] (18, -10) (18, -10) 623 216
[2] [1] (18, -10) (18, -11) 623 217
[4] [0] (18, -11) (18, -11) 623 217
[2] [1] (18, -11) (18, -12) 623 218
[4] [0] (18, -12) (18, -12) 623 218
[3] [1] (18, -12) (17, -12) 624 218
[3] [1] (17, -12) (16, -12) 625 218
[3] [0] (16, -12) (16, -12) 625 218
[2] [0] (16, -12) (16, -12) 625 218
[1] [0] (16, -12) (16, -12) 625 218
[4] [1] (16, -12) (17, -12) 625 219
[4] [1] (17, -12) (18, -12) 625 220
[2] [1] (18, -12) (18, -13) 625 221
[2] [1] (18, -13) (18, -14) 625 222
[2] [1] (18, -14) (18, -15) 625 223
[2] [1] (18, -15) (18, -16) 625 224
[3] [1] (18, -16) (17, -16) 625 225
[3] [1] (17, -16) (16, -16) 625 226
[1] [1] (16, -16) (16, -15) 625 227
[3] [0] (16, -15) (16, -15) 625 227
[1] [1] (16, -15) (16, -14) 625 228
[3] [1] (16, -14) (15, -14) 625 229
[3] [1] (15, -14) (14, -14) 625 230
[1] [1] (14, -14) (14, -13) 625 231
[1] [1] (14, -13) (14, -12) 625 232
[1] [1] (14, -12) (14, -11) 625 233
[3] [0] (14, -11) (14, -11) 625 233
[1] [1] (14, -11) (14, -10) 625 234
[4] [1] (14, -10) (15, -10) 625 235
[4] [1] (15, -10) (16, -10) 625 236
[1] [1] (16, -10) (16, -9) 625 237
[1] [1] (16, -9) (16, -8) 625 238
[3] [1] (16, -8) (15, -8) 625 239
[1] [0] (15, -8) (15, -8) 625 239
[3] [1] (15, -8) (14, -8) 625 240
[3] [1] (14, -8) (13, -8) 625 241
[3] [1] (13, -8) (12, -8) 625 242
[2] [1] (12, -8) (12, -9) 625 243
[2] [1] (12, -9) (12, -10) 625 244
[3] [1] (12, -10) (11, -10) 625 245
[3] [1] (11, -10) (10, -10) 625 246
[1] [1] (10, -10) (10, -9) 625 247
[1] [1] (10, -9) (10, -8) 625 248
[1] [1] (10, -8) (10, -7) 625 249
[4] [0] (10, -7) (10, -7) 625 249
[3] [0] (10, -7) (10, -7) 625 249
[1] [1] (10, -7) (10, -6) 625 250
[1] [1] (10, -6) (10, -5) 625 251
[1] [1] (10, -5) (10, -4) 625 252
[3] [0] (10, -4) (10, -4) 625 252
[1] [1] (10, -4) (10, -3) 625 253
[4] [0] (10, -3) (10, -3) 625 253
[1] [1] (10, -3) (10, -2) 625 254
[4] [1] (10, -2) (11, -2) 625 255
[1] [0] (11, -2) (11, -2) 625 255
[4] [1] (11, -2) (12, -2) 625 256
[1] [1] (12, -2) (12, -1) 625 257
[1] [1] (12, -1) (12, 0) 625 258
[4] [1] (12, 0) (13, 0) 625 259
[4] [1] (13, 0) (14, 0) 625 260
[2] [1] (14, 0) (14, -1) 625 261
[2] [1] (14, -1) (14, -2) 625 262
[2] [1] (14, -2) (14, -3) 625 263
[2] [1] (14, -3) (14, -4) 625 264
[3] [1] (14, -4) (13, -4) 625 265
[2] [0] (13, -4) (13, -4) 625 265
[3] [1] (13, -4) (12, -4) 625 266
[2] [1] (12, -4) (12, -5) 625 267
[2] [1] (12, -5) (12, -6) 625 268
[4] [1] (12, -6) (13, -6) 625 269
[4] [1] (13, -6) (14, -6) 625 270
[4] [1] (14, -6) (15, -6) 625 271
[4] [1] (15, -6) (16, -6) 625 272
[4] [1] (16, -6) (17, -6) 625 273
[2] [0] (17, -6) (17, -6) 625 273
[4] [1] (17, -6) (18, -6) 625 274
[4] [0] (18, -6) (18, -6) 625 274
[1] [1] (18, -6) (18, -5) 625 275
[1] [1] (18, -5) (18, -4) 625 276
[3] [1] (18, -4) (17, -4) 625 277
[3] [1] (17, -4) (16, -4) 625 278
[1] [1] (16, -4) (16, -3) 625 279
[1] [1] (16, -3) (16, -2) 625 280
[1] [1] (16, -2) (16, -1) 625 281
[4] [0] (16, -1) (16, -1) 625 281
[1] [1] (16, -1) (16, 0) 625 282
[4] [1] (16, 0) (17, 0) 625 283
[1] [0] (17, 0) (17, 0) 625 283
[4] [1] (17, 0) (18, 0) 625 284
[1] [1] (18, 0) (18, 1) 625 285
[4] [0] (18, 1) (18, 1) 625 285
[1] [1] (18, 1) (18, 2) 625 286
[1] [1] (18, 2) (18, 3) 625 287
[1] [1] (18, 3) (18, 4) 625 288
[4] [0] (18, 4) (18, 4) 625 288
[3] [0] (18, 4) (18, 4) 625 288
[1] [1] (18, 4) (18, 5) 625 289
[4] [0] (18, 5) (18, 5) 625 289
[1] [1] (18, 5) (18, 6) 625 290
[4] [0] (18, 6) (18, 6) 625 290
[3] [1] (18, 6) (17, 6) 625 291
[3] [1] (17, 6) (16, 6) 625 292
[2] [1] (16, 6) (16, 5) 625 293
[2] [1] (16, 5) (16, 4) 625 294
[3] [1] (16, 4) (15, 4) 625 295
[3] [1] (15, 4) (14, 4) 625 296
[3] [1] (14, 4) (13, 4) 625 297
[1] [0] (13, 4) (13, 4) 625 297
[3] [1] (13, 4) (12, 4) 625 298
[1] [1] (12, 4) (12, 5) 625 299
[3] [0] (12, 5) (12, 5) 625 299
[1] [1] (12, 5) (12, 6) 625 300
[3] [1] (12, 6) (11, 6) 626 300
[3] [1] (11, 6) (10, 6) 627 300
[1] [1] (10, 6) (10, 7) 628 300
[1] [1] (10, 7) (10, 8) 629 300
[3] [1] (10, 8) (9, 8) 630 300
[3] [1] (9, 8) (8, 8) 631 300
[3] [0] (8, 8) (8, 8) 631 300
[2] [0] (8, 8) (8, 8) 631 300
[4] [1] (8, 8) (9, 8) 631 301
[1] [0] (9, 8) (9, 8) 631 301
[2] [0] (9, 8) (9, 8) 631 301
[4] [1] (9, 8) (10, 8) 631 302
[1] [1] (10, 8) (10, 9) 632 302
[1] [1] (10, 9) (10, 10) 633 302
[1] [1] (10, 10) (10, 11) 634 302
[4] [0] (10, 11) (10, 11) 634 302
[1] [1] (10, 11) (10, 12) 635 302
[3] [0] (10, 12) (10, 12) 635 302
[2] [1] (10, 12) (10, 11) 635 303
[2] [1] (10, 11) (10, 10) 635 304
[2] [1] (10, 10) (10, 9) 635 305
[2] [1] (10, 9) (10, 8) 635 306
[2] [1] (10, 8) (10, 7) 635 307
[2] [1] (10, 7) (10, 6) 635 308
[3] [0] (10, 6) (10, 6) 635 308
[4] [1] (10, 6) (11, 6) 635 309
[4] [1] (11, 6) (12, 6) 635 310
[1] [1] (12, 6) (12, 7) 635 311
[1] [1] (12, 7) (12, 8) 635 312
[1] [1] (12, 8) (12, 9) 635 313
[1] [1] (12, 9) (12, 10) 635 314
[1] [1] (12, 10) (12, 11) 635 315
[1] [1] (12, 11) (12, 12) 635 316
[1] [1] (12, 12) (12, 13) 635 317
[3] [0] (12, 13) (12, 13) 635 317
[1] [1] (12, 13) (12, 14) 635 318
[3] [1] (12, 14) (11, 14) 635 319
[3] [1] (11, 14) (10, 14) 635 320
[3] [1] (10, 14) (9, 14) 635 321
[3] [1] (9, 14) (8, 14) 635 322
[2] [1] (8, 14) (8, 13) 635 323
[2] [1] (8, 13) (8, 12) 635 324
[2] [1] (8, 12) (8, 11) 635 325
[2] [1] (8, 11) (8, 10) 635 326
[3] [1] (8, 10) (7, 10) 635 327
[2] [0] (7, 10) (7, 10) 635 327
[3] [1] (7, 10) (6, 10) 635 328
[2] [1] (6, 10) (6, 9) 635 329
[2] [1] (6, 9) (6, 8) 635 330
[3] [0] (6, 8) (6, 8) 635 330
[2] [1] (6, 8) (6, 7) 635 331
[2] [1] (6, 7) (6, 6) 635 332
[2] [1] (6, 6) (6, 5) 636 332
[2] [1] (6, 5) (6, 4) 637 332
[1] [1] (6, 4) (6, 5) 637 333
[3] [0] (6, 5) (6, 5) 637 333
[1] [1] (6, 5) (6, 6) 637 334
[4] [1] (6, 6) (7, 6) 637 335
[4] [1] (7, 6) (8, 6) 637 336
[2] [1] (8, 6) (8, 5) 637 337
[2] [1] (8, 5) (8, 4) 637 338
[4] [1] (8, 4) (9, 4) 637 339
[4] [1] (9, 4) (10, 4) 637 340
[2] [1] (10, 4) (10, 3) 637 341
[2] [1] (10, 3) (10, 2) 637 342
[2] [1] (10, 2) (10, 1) 637 343
[2] [1] (10, 1) (10, 0) 637 344
[3] [1] (10, 0) (9, 0) 637 345
[2] [0] (9, 0) (9, 0) 637 345
[3] [1] (9, 0) (8, 0) 637 346
[3] [0] (8, 0) (8, 0) 637 346
[1] [1] (8, 0) (8, 1) 637 347
[3] [0] (8, 1) (8, 1) 637 347
[1] [1] (8, 1) (8, 2) 637 348
[3] [1] (8, 2) (7, 2) 637 349
[3] [1] (7, 2) (6, 2) 637 350
[2] [1] (6, 2) (6, 1) 637 351
[2] [1] (6, 1) (6, 0) 637 352
[2] [0] (6, 0) (6, 0) 637 352
[3] [1] (6, 0) (5, 0) 637 353
[3] [1] (5, 0) (4, 0) 637 354
[1] [1] (4, 0) (4, 1) 637 355
[1] [1] (4, 1) (4, 2) 637 356
[1] [0] (4, 2) (4, 2) 637 356
[3] [1] (4, 2) (3, 2) 637 357
[3] [1] (3, 2) (2, 2) 637 358
[3] [1] (2, 2) (1, 2) 637 359
[3] [1] (1, 2) (0, 2) 637 360
[3] [1] (0, 2) (-1, 2) 637 361
[3] [1] (-1, 2) (-2, 2) 637 362
[3] [1] (-2, 2) (-3, 2) 637 363
[3] [1] (-3, 2) (-4, 2) 637 364
[3] [1] (-4, 2) (-5, 2) 637 365
[1] [0] (-5, 2) (-5, 2) 637 365
[3] [1] (-5, 2) (-6, 2) 637 366
[3] [1] (-6, 2) (-7, 2) 637 367
[3] [1] (-7, 2) (-8, 2) 637 368
[3] [0] (-8, 2) (-8, 2) 637 368
[1] [1] (-8, 2) (-8, 3) 637 369
[1] [1] (-8, 3) (-8, 4) 637 370
[1] [0] (-8, 4) (-8, 4) 637 370
[3] [1] (-8, 4) (-9, 4) 637 371
[3] [1] (-9, 4) (-10, 4) 637 372
[1] [1] (-10, 4) (-10, 5) 637 373
[1] [1] (-10, 5) (-10, 6) 637 374
[4] [1] (-10, 6) (-9, 6) 637 375
[4] [1] (-9, 6) (-8, 6) 637 376
[1] [1] (-8, 6) (-8, 7) 637 377
[4] [0] (-8, 7) (-8, 7) 637 377
[1] [1] (-8, 7) (-8, 8) 637 378
[4] [1] (-8, 8) (-7, 8) 637 379
[1] [0] (-7, 8) (-7, 8) 637 379
[4] [1] (-7, 8) (-6, 8) 637 380
[1] [1] (-6, 8) (-6, 9) 638 380
[4] [0] (-6, 9) (-6, 9) 638 380
[1] [1] (-6, 9) (-6, 10) 639 380
[1] [0] (-6, 10) (-6, 10) 639 380
[2] [1] (-6, 10) (-6, 9) 639 381
[2] [1] (-6, 9) (-6, 8) 639 382
[4] [1] (-6, 8) (-5, 8) 639 383
[4] [1] (-5, 8) (-4, 8) 639 384
[1] [0] (-4, 8) (-4, 8) 639 384
[4] [1] (-4, 8) (-3, 8) 639 385
[4] [1] (-3, 8) (-2, 8) 639 386
[4] [1] (-2, 8) (-1, 8) 639 387
